<?xml version="1.0" encoding="UTF-8"?>
<!-- Generated by org.testng.reporters.JUnitXMLReporter -->
<testsuite ignored="4" hostname="Rishis-MacBook-Pro.local" failures="0" tests="1" name="Default test" time="16.772" errors="0" timestamp="2022-06-01T11:49:59 PDT">
  <testcase classname="com.apex.login.test.LoginTest" name="testLoginWithSuccessfulData" time="8.831"/>
  <testcase classname="com.apex.login.test.LoginTest" name="testLoginWithPerformanceGlitchUser" time="0.0">
    <ignored/>
  </testcase> <!-- testLoginWithPerformanceGlitchUser -->
  <testcase classname="com.apex.login.test.LoginTest" name="testLoginWithBlankData" time="0.0">
    <ignored/>
  </testcase> <!-- testLoginWithBlankData -->
  <testcase classname="com.apex.login.test.LoginTest" name="testLoginWithProblemUser" time="0.0">
    <ignored/>
  </testcase> <!-- testLoginWithProblemUser -->
  <testcase classname="com.apex.login.test.LoginTest" name="testLoginWithLockedOutUser" time="0.0">
    <ignored/>
  </testcase> <!-- testLoginWithLockedOutUser -->
</testsuite> <!-- Default test -->
