<?xml version="1.0" encoding="UTF-8"?>
<testng-results ignored="4" total="5" passed="1" failed="0" skipped="0">
  <reporter-output>
  </reporter-output>
  <suite started-at="2022-06-01T11:49:42 PDT" name="Default suite" finished-at="2022-06-01T11:49:59 PDT" duration-ms="16772">
    <groups>
    </groups>
    <test started-at="2022-06-01T11:49:42 PDT" name="Default test" finished-at="2022-06-01T11:49:59 PDT" duration-ms="16772">
      <class name="com.apex.login.test.LoginTest">
        <test-method is-config="true" signature="setUp()[pri:0, instance:com.apex.login.test.LoginTest@2b91004a]" started-at="2022-06-01T11:49:42 PDT" name="setUp" finished-at="2022-06-01T11:49:49 PDT" duration-ms="7394" status="PASS">
          <reporter-output>
          </reporter-output>
        </test-method> <!-- setUp -->
        <test-method signature="testLoginWithSuccessfulData()[pri:1, instance:com.apex.login.test.LoginTest@2b91004a]" started-at="2022-06-01T11:49:49 PDT" name="testLoginWithSuccessfulData" finished-at="2022-06-01T11:49:58 PDT" duration-ms="8831" status="PASS">
          <reporter-output>
          </reporter-output>
        </test-method> <!-- testLoginWithSuccessfulData -->
        <test-method is-config="true" signature="tearDown()[pri:0, instance:com.apex.login.test.LoginTest@2b91004a]" started-at="2022-06-01T11:49:58 PDT" name="tearDown" finished-at="2022-06-01T11:49:59 PDT" duration-ms="391" status="PASS">
          <reporter-output>
          </reporter-output>
        </test-method> <!-- tearDown -->
      </class> <!-- com.apex.login.test.LoginTest -->
    </test> <!-- Default test -->
  </suite> <!-- Default suite -->
</testng-results>
